[sync] 2026-06-28: wins 4/7, 0 meals, 0 lifts → /Users/bengarnet/Library/Mobile Documents/iCloud~md~obsidian/Documents/Ben's brain /10 Daily/2026-06-28.md
[sync] 2026-06-28: wins 4/7, 0 meals, 0 lifts → /Users/bengarnet/Library/Mobile Documents/iCloud~md~obsidian/Documents/Ben's brain /10 Daily/2026-06-28.md
[sync] FAILED [TypeError: fetch failed] {
  [cause]: Error: getaddrinfo ENOTFOUND pciljeqsrricybdnhvsu.supabase.co
      at GetAddrInfoReqWrap.onlookupall [as oncomplete] (node:dns:122:26) {
    errno: -3008,
    code: 'ENOTFOUND',
    syscall: 'getaddrinfo',
    hostname: 'pciljeqsrricybdnhvsu.supabase.co'
  }
}
[sync] 2026-07-02: wins 0/7, 0 meals, 0 lifts → /Users/bengarnet/Library/Mobile Documents/iCloud~md~obsidian/Documents/Ben's brain /10 Daily/2026-07-02.md
[sync] 2026-07-03: wins 0/7, 0 meals, 0 lifts → /Users/bengarnet/Library/Mobile Documents/iCloud~md~obsidian/Documents/Ben's brain /10 Daily/2026-07-03.md
[sync] 2026-07-03: wins 0/7, 0 meals, 0 lifts → /Users/bengarnet/Library/Mobile Documents/iCloud~md~obsidian/Documents/Ben's brain /10 Daily/2026-07-03.md
[sync] 2026-07-04: wins 0/7, 0 meals, 0 lifts → /Users/bengarnet/Library/Mobile Documents/iCloud~md~obsidian/Documents/Ben's brain /10 Daily/2026-07-04.md
[sync] 2026-07-04: wins 0/7, 0 meals, 0 lifts → /Users/bengarnet/Library/Mobile Documents/iCloud~md~obsidian/Documents/Ben's brain /10 Daily/2026-07-04.md
[sync] 2026-07-05: wins 0/7, 0 meals, 0 lifts → /Users/bengarnet/Library/Mobile Documents/iCloud~md~obsidian/Documents/Ben's brain /10 Daily/2026-07-05.md
[sync] 2026-07-05: wins 0/7, 0 meals, 0 lifts → /Users/bengarnet/Library/Mobile Documents/iCloud~md~obsidian/Documents/Ben's brain /10 Daily/2026-07-05.md
[sync] 2026-07-06: wins 0/7, 0 meals, 0 lifts → /Users/bengarnet/Library/Mobile Documents/iCloud~md~obsidian/Documents/Ben's brain /10 Daily/2026-07-06.md
[sync] 2026-07-06: wins 0/7, 0 meals, 0 lifts → /Users/bengarnet/Library/Mobile Documents/iCloud~md~obsidian/Documents/Ben's brain /10 Daily/2026-07-06.md
[sync] 2026-07-07: wins 3/7, 0 meals, 6 lifts → /Users/bengarnet/Library/Mobile Documents/iCloud~md~obsidian/Documents/Ben's brain /10 Daily/2026-07-07.md
[sync] 2026-07-07: wins 3/10, 0 meals, 6 lifts, vault-habits merged: false → /Users/bengarnet/Library/Mobile Documents/iCloud~md~obsidian/Documents/Ben's brain /10 Daily/2026-07-07.md
[sync] 2026-07-07: wins 3/10, 0 meals, 6 lifts, vault-habits merged: false → /Users/bengarnet/Library/Mobile Documents/iCloud~md~obsidian/Documents/Ben's brain /10 Daily/2026-07-07.md
[sync] 2026-07-07: wins 3/10, 0 meals, 6 lifts, vault-habits merged: false → /Users/bengarnet/Library/Mobile Documents/iCloud~md~obsidian/Documents/Ben's brain /10 Daily/2026-07-07.md
[sync] 2026-07-07: wins 3/10, 0 meals, 6 lifts, vault-habits merged: false → /Users/bengarnet/Library/Mobile Documents/iCloud~md~obsidian/Documents/Ben's brain /10 Daily/2026-07-07.md
[sync] 2026-07-07: wins 3/10, 0 meals, 6 lifts, vault-habits merged: false → /Users/bengarnet/Library/Mobile Documents/iCloud~md~obsidian/Documents/Ben's brain /10 Daily/2026-07-07.md
